<?xml version="1.0" encoding="UTF-8" ?>
<testsuites name="vitest tests" tests="2" failures="1" errors="0" time="1.085">
    <testsuite name="src/lib/graphql/queries.test.ts" timestamp="2025-12-02T16:07:26.513Z" hostname="MKT-ATEECE" tests="1" failures="1" errors="0" skipped="0" time="0.007">
        <testcase classname="src/lib/graphql/queries.test.ts" name="getProductBySlug &gt; throws a descriptive error when called with an empty slug" time="0.005">
            <failure message="expected [Function] to throw error including &apos;getProductBySlug called without a val…&apos; but got &apos;NEXT_PUBLIC_WORDPRESS_GRAPHQL environ…&apos;" type="AssertionError">
AssertionError: expected [Function] to throw error including &apos;getProductBySlug called without a val…&apos; but got &apos;NEXT_PUBLIC_WORDPRESS_GRAPHQL environ…&apos;

- Expected
+ Received

- getProductBySlug called without a valid `slug` (received empty value)
+ NEXT_PUBLIC_WORDPRESS_GRAPHQL environment variable is not set
            </failure>
        </testcase>
    </testsuite>
    <testsuite name="src/app/products/[slug]/__tests__/page.test.tsx" timestamp="2025-12-02T16:07:26.517Z" hostname="MKT-ATEECE" tests="1" failures="0" errors="0" skipped="0" time="0.07">
        <testcase classname="src/app/products/[slug]/__tests__/page.test.tsx" name="ProductDetailClient &gt; renders and adds product to cart" time="0.068">
        </testcase>
    </testsuite>
</testsuites>
