<?xml version="1.0" encoding="UTF-8" ?>
<testsuites name="vitest tests" tests="6" failures="1" errors="0" time="0.228938179">
    <testsuite name="src/lib/graphql/queries.test.ts" timestamp="2025-12-03T17:22:43.518Z" hostname="MKT-ATEECE" tests="4" failures="0" errors="0" skipped="0" time="0.162628752">
        <testcase classname="src/lib/graphql/queries.test.ts" name="getProductBySlug &gt; throws a descriptive error when called with an empty slug" time="0.15700937">
        </testcase>
        <testcase classname="src/lib/graphql/queries.test.ts" name="getProductBySlug &gt; resolves with product data when given a valid slug" time="0.001776797">
        </testcase>
        <testcase classname="src/lib/graphql/queries.test.ts" name="getProductBySlug &gt; normalizes incomplete GraphQL responses (adds __typename, normalizes gallery/image)" time="0.000742105">
        </testcase>
        <testcase classname="src/lib/graphql/queries.test.ts" name="getProductBySlug &gt; normalizes variation attributes and variation image" time="0.000682984">
        </testcase>
    </testsuite>
    <testsuite name="src/components/products/__tests__/ProductDetailClient.test.tsx" timestamp="2025-12-03T17:22:43.520Z" hostname="MKT-ATEECE" tests="1" failures="1" errors="0" skipped="0" time="0">
        <testcase classname="src/components/products/__tests__/ProductDetailClient.test.tsx" name="src/components/products/__tests__/ProductDetailClient.test.tsx" time="0">
            <failure message="Transform failed with 1 error:
/home/ateece/bapi-headless/web/src/components/products/__tests__/ProductDetailClient.test.tsx:18:9: ERROR: Expected &quot;:&quot; but found &quot;{&quot;" type="Error">
Error: Transform failed with 1 error:
/home/ateece/bapi-headless/web/src/components/products/__tests__/ProductDetailClient.test.tsx:18:9: ERROR: Expected &quot;:&quot; but found &quot;{&quot;
  Plugin: vite:esbuild
  File: /home/ateece/bapi-headless/web/src/components/products/__tests__/ProductDetailClient.test.tsx:18:9
  
  Expected &quot;:&quot; but found &quot;{&quot;
  16 |    id: &apos;prod-1&apos;,
  17 |    databaseId: 1,
  18 |    import { describe, it, expect, vi, beforeEach } from &apos;vitest&apos;;
     |           ^
  19 |    import { render, screen, fireEvent } from &apos;@testing-library/react&apos;;
  20 |    import ProductDetailClient from &apos;../ProductDetailClient&apos;;
  
 ❯ failureErrorWithLog node_modules/esbuild/lib/main.js:1467:15
 ❯ node_modules/esbuild/lib/main.js:736:50
 ❯ responseCallbacks.&lt;computed&gt; node_modules/esbuild/lib/main.js:603:9
 ❯ handleIncomingPacket node_modules/esbuild/lib/main.js:658:12
 ❯ Socket.readFromStdout node_modules/esbuild/lib/main.js:581:7
            </failure>
        </testcase>
    </testsuite>
    <testsuite name="src/app/products/[slug]/__tests__/page.test.tsx" timestamp="2025-12-03T17:22:43.522Z" hostname="MKT-ATEECE" tests="1" failures="0" errors="0" skipped="0" time="0.066309427">
        <testcase classname="src/app/products/[slug]/__tests__/page.test.tsx" name="ProductDetailClient &gt; renders and adds product to cart" time="0.063919488">
        </testcase>
    </testsuite>
</testsuites>
