<?xml version="1.0" encoding="UTF-8" ?>
<testsuites name="vitest tests" tests="1" failures="0" errors="0" time="1.399">
    <testsuite name="src/app/products/[slug]/__tests__/page.test.tsx" timestamp="2025-12-02T14:45:10.604Z" hostname="MKT-ATEECE" tests="1" failures="0" errors="0" skipped="0" time="0.057">
        <testcase classname="src/app/products/[slug]/__tests__/page.test.tsx" name="ProductDetailClient &gt; renders and adds product to cart" time="0.055">
        </testcase>
    </testsuite>
</testsuites>
