<?xml version="1.0" encoding="UTF-8" ?>
<testsuites name="vitest tests" tests="1" failures="0" errors="0" time="1.413">
    <testsuite name="src/app/products/[slug]/__tests__/page.test.tsx" timestamp="2025-12-01T21:13:05.219Z" hostname="MKT-ATEECE" tests="1" failures="0" errors="0" skipped="0" time="0.061">
        <testcase classname="src/app/products/[slug]/__tests__/page.test.tsx" name="ProductDetailClient &gt; renders and adds product to cart" time="0.058">
        </testcase>
    </testsuite>
</testsuites>
